<?xml version="1.0" encoding="UTF-8"?>
<!-- Generated by org.testng.reporters.JUnitReportReporter -->
<testsuite hostname="DESKTOP-KIRAN" failures="0" tests="1" name="httpRequests.SchemaValidation" time="2.558" errors="0" timestamp="2023-03-14T17:18:48 IST" skipped="0">
  <testcase classname="httpRequests.SchemaValidation" name="validateJSON" time="2.558"/>
  <system-out/>
</testsuite> <!-- httpRequests.SchemaValidation -->
