<?xml version="1.0" encoding="UTF-8"?>
<!-- Generated by org.testng.reporters.JUnitReportReporter -->
<testsuite hostname="DESKTOP-KIRAN" failures="0" tests="1" name="httpRequests.DeleteRequest" time="1.747" errors="0" timestamp="2023-03-14T16:24:52 IST" skipped="0">
  <testcase classname="httpRequests.DeleteRequest" name="deleteRequest1" time="1.747"/>
  <system-out/>
</testsuite> <!-- httpRequests.DeleteRequest -->
