<?xml version="1.0" encoding="UTF-8"?>
<!-- Generated by org.testng.reporters.JUnitReportReporter -->
<testsuite hostname="DESKTOP-KIRAN" failures="0" tests="1" name="httpRequests.PutRequest" time="1.850" errors="0" timestamp="2023-03-14T16:04:40 IST" skipped="0">
  <testcase classname="httpRequests.PutRequest" name="putRequest1" time="1.850"/>
  <system-out/>
</testsuite> <!-- httpRequests.PutRequest -->
