<?xml version="1.0" encoding="UTF-8"?>
<!-- Generated by org.testng.reporters.JUnitReportReporter -->
<testsuite hostname="DESKTOP-KIRAN" failures="0" tests="2" name="getRequests.GetRequest" time="2.349" errors="0" timestamp="2023-03-14T14:56:19 IST" skipped="0">
  <testcase classname="getRequests.GetRequest" name="getRequest1" time="1.524"/>
  <system-out/>
  <testcase classname="getRequests.GetRequest" name="getRequest2" time="0.825"/>
  <system-out/>
</testsuite> <!-- getRequests.GetRequest -->
