<?xml version="1.0" encoding="UTF-8"?>
<!-- Generated by org.testng.reporters.JUnitReportReporter -->
<testsuite hostname="DESKTOP-KIRAN" failures="0" tests="1" name="getRequests.PostRequest" time="2.153" errors="0" timestamp="2023-03-14T15:56:31 IST" skipped="0">
  <testcase classname="getRequests.PostRequest" name="getRequest1" time="2.153"/>
  <system-out/>
</testsuite> <!-- getRequests.PostRequest -->
