<?xml version="1.0" encoding="UTF-8"?>
<!-- Generated by org.testng.reporters.JUnitReportReporter -->
<testsuite hostname="DESKTOP-KIRAN" failures="0" tests="1" name="httpRequests.PatchRequest" time="2.152" errors="0" timestamp="2023-03-14T16:19:34 IST" skipped="0">
  <testcase classname="httpRequests.PatchRequest" name="patchRequest1" time="2.152"/>
  <system-out/>
</testsuite> <!-- httpRequests.PatchRequest -->
